  Class String.cpp
c:\users\наталья\desktop\spbpu\class string\class string\memory_exception.h(12): error C2059: синтаксическая ошибка: =
c:\users\наталья\desktop\spbpu\class string\class string\memory_exception.h(12): error C2238: непредвиденные лексемы перед ";"
c:\users\наталья\desktop\spbpu\class string\class string\length_exception.h(13): error C2059: синтаксическая ошибка: =
c:\users\наталья\desktop\spbpu\class string\class string\length_exception.h(13): error C2238: непредвиденные лексемы перед ";"
c:\users\наталья\desktop\spbpu\class string\class string\out_of_range.h(12): error C2059: синтаксическая ошибка: =
c:\users\наталья\desktop\spbpu\class string\class string\out_of_range.h(12): error C2238: непредвиденные лексемы перед ";"
c:\users\наталья\desktop\spbpu\class string\class string\refer_to_nullptr.h(12): error C2059: синтаксическая ошибка: =
c:\users\наталья\desktop\spbpu\class string\class string\refer_to_nullptr.h(12): error C2238: непредвиденные лексемы перед ";"
  Создание кода...
  Компиляция...
  Exceptions.cpp
  Создание кода...
  Компиляция...
  String.cpp
c:\users\наталья\desktop\spbpu\class string\class string\memory_exception.h(12): error C2059: синтаксическая ошибка: =
c:\users\наталья\desktop\spbpu\class string\class string\memory_exception.h(12): error C2238: непредвиденные лексемы перед ";"
c:\users\наталья\desktop\spbpu\class string\class string\length_exception.h(13): error C2059: синтаксическая ошибка: =
c:\users\наталья\desktop\spbpu\class string\class string\length_exception.h(13): error C2238: непредвиденные лексемы перед ";"
c:\users\наталья\desktop\spbpu\class string\class string\out_of_range.h(12): error C2059: синтаксическая ошибка: =
c:\users\наталья\desktop\spbpu\class string\class string\out_of_range.h(12): error C2238: непредвиденные лексемы перед ";"
c:\users\наталья\desktop\spbpu\class string\class string\refer_to_nullptr.h(12): error C2059: синтаксическая ошибка: =
c:\users\наталья\desktop\spbpu\class string\class string\refer_to_nullptr.h(12): error C2238: непредвиденные лексемы перед ";"
  Refer_To_Nullptr.cpp
c:\users\наталья\desktop\spbpu\class string\class string\refer_to_nullptr.h(12): error C2059: синтаксическая ошибка: =
c:\users\наталья\desktop\spbpu\class string\class string\refer_to_nullptr.h(12): error C2238: непредвиденные лексемы перед ";"
  Out_Of_Range.cpp
c:\users\наталья\desktop\spbpu\class string\class string\out_of_range.h(12): error C2059: синтаксическая ошибка: =
c:\users\наталья\desktop\spbpu\class string\class string\out_of_range.h(12): error C2238: непредвиденные лексемы перед ";"
  Memory_Exception.cpp
c:\users\наталья\desktop\spbpu\class string\class string\memory_exception.h(12): error C2059: синтаксическая ошибка: =
c:\users\наталья\desktop\spbpu\class string\class string\memory_exception.h(12): error C2238: непредвиденные лексемы перед ";"
  Length_Exception.cpp
c:\users\наталья\desktop\spbpu\class string\class string\length_exception.h(13): error C2059: синтаксическая ошибка: =
c:\users\наталья\desktop\spbpu\class string\class string\length_exception.h(13): error C2238: непредвиденные лексемы перед ";"
  Создание кода...
